<?xml version="1.0" encoding="utf-8"?><testsuites name="pytest tests"><testsuite name="pytest" errors="0" failures="0" skipped="0" tests="9" time="3.053" timestamp="2026-06-22T03:00:18.673215+00:00" hostname="agent-env-12e87eb1-82cd-41e4-8dc1-dbab4018809f"><testcase classname="backend.tests.backend_test.TestProducts" name="test_list_products" time="0.866" /><testcase classname="backend.tests.backend_test.TestProducts" name="test_product_detail" time="0.050" /><testcase classname="backend.tests.backend_test.TestProducts" name="test_product_not_found" time="0.382" /><testcase classname="backend.tests.backend_test.TestCheckout" name="test_checkout_session_creates" time="0.646" /><testcase classname="backend.tests.backend_test.TestCheckout" name="test_payment_transaction_persisted" time="0.019" /><testcase classname="backend.tests.backend_test.TestCheckout" name="test_checkout_status" time="0.210" /><testcase classname="backend.tests.backend_test.TestCheckout" name="test_invalid_product_id" time="0.485" /><testcase classname="backend.tests.backend_test.TestCheckout" name="test_invalid_variant_id" time="0.051" /><testcase classname="backend.tests.backend_test.TestNewsletter" name="test_newsletter_signup_and_idempotency" time="0.107" /></testsuite></testsuites>