<?xml version="1.0" encoding="utf-8"?><testsuites name="pytest tests"><testsuite name="pytest" errors="0" failures="0" skipped="0" tests="26" time="10.632" timestamp="2026-06-22T04:53:16.239722+00:00" hostname="agent-env-12e87eb1-82cd-41e4-8dc1-dbab4018809f"><testcase classname="tests.backend_test.TestProducts" name="test_list_products" time="0.842" /><testcase classname="tests.backend_test.TestProducts" name="test_product_detail" time="0.048" /><testcase classname="tests.backend_test.TestProducts" name="test_product_not_found" time="0.316" /><testcase classname="tests.backend_test.TestAuth" name="test_register_returns_user_and_token" time="0.399" /><testcase classname="tests.backend_test.TestAuth" name="test_register_duplicate_email" time="0.044" /><testcase classname="tests.backend_test.TestAuth" name="test_register_lowercases_email" time="0.274" /><testcase classname="tests.backend_test.TestAuth" name="test_me_requires_auth" time="0.136" /><testcase classname="tests.backend_test.TestAuth" name="test_me_with_bearer_token" time="0.111" /><testcase classname="tests.backend_test.TestAuth" name="test_me_with_cookie" time="0.056" /><testcase classname="tests.backend_test.TestAuth" name="test_login_wrong_password" time="0.336" /><testcase classname="tests.backend_test.TestAuth" name="test_login_success" time="0.436" /><testcase classname="tests.backend_test.TestAuth" name="test_logout_clears_cookie" time="0.449" /><testcase classname="tests.backend_test.TestAuth" name="test_brute_force_lockout" time="4.026" /><testcase classname="tests.backend_test.TestReviews" name="test_get_reviews_no_auth" time="0.047" /><testcase classname="tests.backend_test.TestReviews" name="test_post_review_requires_auth" time="0.115" /><testcase classname="tests.backend_test.TestReviews" name="test_post_review_non_buyer_403" time="0.408" /><testcase classname="tests.backend_test.TestReviews" name="test_verified_buyer_can_review_and_update" time="0.236" /><testcase classname="tests.backend_test.TestCheckout" name="test_missing_address_returns_422" time="0.099" /><testcase classname="tests.backend_test.TestCheckout" name="test_missing_address_field" time="0.092" /><testcase classname="tests.backend_test.TestCheckout" name="test_checkout_session_creates_with_address" time="0.719" /><testcase classname="tests.backend_test.TestCheckout" name="test_tx_persists_with_address" time="0.002" /><testcase classname="tests.backend_test.TestCheckout" name="test_checkout_status_bogus_session_id" time="0.176" /><testcase classname="tests.backend_test.TestAccountOrders" name="test_orders_requires_auth" time="0.102" /><testcase classname="tests.backend_test.TestAccountOrders" name="test_orders_returns_paid_for_user" time="0.389" /><testcase classname="tests.backend_test.TestCartTrack" name="test_track_then_checkout_transitions" time="0.435" /><testcase classname="tests.backend_test.TestNewsletter" name="test_newsletter_signup_and_idempotency" time="0.089" /></testsuite></testsuites>